1677677005065:hello
1677677013659:helloworld
1677677018211:helloWorld
1677677022414:hello-world
1677677048638:shell:>
1677677057860:hello-world
1677677063789:hello-world()
1677677071079:helloWorld()
1677677127235:hello
1677677167782:-help
1677677173310:--hlep
1677677176088:list
1677677279301:hello
1677678729640:db
1677679178049:getdb
1677679180019:getDb
1677679197285:getdb
1677679199892:get-db
1677720331502:db
1677720350103:db info test name
1677720416614:db
1677720435830:exit
1677721016951:db info
1677721849489:db
1677722409829:db set host 127.0.0.1
1677722415334:db
1677725121527:db info
1677725125783:template
1677725294297:template set author free loop
1677725299578:template
1677725313150:template set author "free loop"
1677725336160:help
1677725356500:version
1677725363423:history
1677725380923:list
1677732404679:db info
1677732411804:template
1677732422239:execute
1677732626490:execute stacktrace
1677732647538:execute
1677732835415:help
1677732849644:execute
1677732857817:stacktrace
1677732885138:db
1677732896444:db set db tx_account
1677732900895:execute
1677733147738:db
1677733155620:db set db tx_account
1677733159866:execute
1677733278367:db set db tx_account
1677733281585:execute
1677733555120:generate
1677733567797:db
1677733752394:generate
1677734695512:db help
1677734793906:db hlep
1677734797384:db help
1677735169546:template help
1677735232884:db help
1677735453734:db
1677735459759:db help
1677735492718:db info
1677735496384:db help
1677751939129:check
1677751944245:db info
1677751954083:db set port 3304
1677751955898:check
1677751973009:db
1677752090127:check
1677752099852:db set port 3304
1677752102038:check
